# JRE version: Java(TM) SE Runtime Environment (8.0_40-b26) (build 1.8.0_40-b26)
# Java VM: Java HotSpot(TM) 64-Bit Server VM (25.40-b25 mixed mode linux-amd64 compressed oops)
Heap:
 PSYoungGen      total 33792K, used 7106K [0x00000000e1800000, 0x00000000e4480000, 0x0000000100000000)
  eden space 23040K, 26% used [0x00000000e1800000,0x00000000e1dfc010,0x00000000e2e80000)
  from space 10752K, 9% used [0x00000000e3a00000,0x00000000e3af49d8,0x00000000e4480000)
  to   space 11264K, 0% used [0x00000000e2e80000,0x00000000e2e80000,0x00000000e3980000)
 ParOldGen       total 39936K, used 10118K [0x00000000a4800000, 0x00000000a6f00000, 0x00000000e1800000)
  object space 39936K, 25% used [0x00000000a4800000,0x00000000a51e1b50,0x00000000a6f00000)
 Metaspace       used 24546K, capacity 25820K, committed 26112K, reserved 1073152K
  class space    used 2696K, capacity 3045K, committed 3072K, reserved 1048576K
GC Heap History (10 events):
Event: 7,198 GC heap before
{Heap before GC invocations=3 (full 0):
 PSYoungGen      total 27648K, used 25506K [0x00000000e1800000, 0x00000000e3680000, 0x0000000100000000)
  eden space 24064K, 91% used [0x00000000e1800000,0x00000000e2d6d098,0x00000000e2f80000)
  from space 3584K, 99% used [0x00000000e3300000,0x00000000e367b900,0x00000000e3680000)
  to   space 3584K, 0% used [0x00000000e2f80000,0x00000000e2f80000,0x00000000e3300000)
 ParOldGen       total 62976K, used 6015K [0x00000000a4800000, 0x00000000a8580000, 0x00000000e1800000)
  object space 62976K, 9% used [0x00000000a4800000,0x00000000a4ddfe98,0x00000000a8580000)
 Metaspace       used 20045K, capacity 21130K, committed 21248K, reserved 1069056K
  class space    used 2121K, capacity 2488K, committed 2560K, reserved 1048576K
Event: 7,208 GC heap after
Heap after GC invocations=3 (full 0):
 PSYoungGen      total 27648K, used 3576K [0x00000000e1800000, 0x00000000e3680000, 0x0000000100000000)
  eden space 24064K, 0% used [0x00000000e1800000,0x00000000e1800000,0x00000000e2f80000)
  from space 3584K, 99% used [0x00000000e2f80000,0x00000000e32fe010,0x00000000e3300000)
  to   space 3584K, 0% used [0x00000000e3300000,0x00000000e3300000,0x00000000e3680000)
 ParOldGen       total 62976K, used 11090K [0x00000000a4800000, 0x00000000a8580000, 0x00000000e1800000)
  object space 62976K, 17% used [0x00000000a4800000,0x00000000a52d4a80,0x00000000a8580000)
 Metaspace       used 20045K, capacity 21130K, committed 21248K, reserved 1069056K
  class space    used 2121K, capacity 2488K, committed 2560K, reserved 1048576K
}
Event: 7,208 GC heap before
{Heap before GC invocations=4 (full 1):
 PSYoungGen      total 27648K, used 3576K [0x00000000e1800000, 0x00000000e3680000, 0x0000000100000000)
  eden space 24064K, 0% used [0x00000000e1800000,0x00000000e1800000,0x00000000e2f80000)
  from space 3584K, 99% used [0x00000000e2f80000,0x00000000e32fe010,0x00000000e3300000)
  to   space 3584K, 0% used [0x00000000e3300000,0x00000000e3300000,0x00000000e3680000)
 ParOldGen       total 62976K, used 11090K [0x00000000a4800000, 0x00000000a8580000, 0x00000000e1800000)
  object space 62976K, 17% used [0x00000000a4800000,0x00000000a52d4a80,0x00000000a8580000)
 Metaspace       used 20045K, capacity 21130K, committed 21248K, reserved 1069056K
  class space    used 2121K, capacity 2488K, committed 2560K, reserved 1048576K
Event: 7,246 GC heap after
Heap after GC invocations=4 (full 1):
 PSYoungGen      total 27648K, used 0K [0x00000000e1800000, 0x00000000e3680000, 0x0000000100000000)
  eden space 24064K, 0% used [0x00000000e1800000,0x00000000e1800000,0x00000000e2f80000)
  from space 3584K, 0% used [0x00000000e2f80000,0x00000000e2f80000,0x00000000e3300000)
  to   space 3584K, 0% used [0x00000000e3300000,0x00000000e3300000,0x00000000e3680000)
 ParOldGen       total 39936K, used 9437K [0x00000000a4800000, 0x00000000a6f00000, 0x00000000e1800000)
  object space 39936K, 23% used [0x00000000a4800000,0x00000000a51377b8,0x00000000a6f00000)
 Metaspace       used 20045K, capacity 21130K, committed 21248K, reserved 1069056K
  class space    used 2121K, capacity 2488K, committed 2560K, reserved 1048576K
}
Event: 54,780 GC heap before
{Heap before GC invocations=5 (full 1):
 PSYoungGen      total 27648K, used 24064K [0x00000000e1800000, 0x00000000e3680000, 0x0000000100000000)
  eden space 24064K, 100% used [0x00000000e1800000,0x00000000e2f80000,0x00000000e2f80000)
  from space 3584K, 0% used [0x00000000e2f80000,0x00000000e2f80000,0x00000000e3300000)
  to   space 3584K, 0% used [0x00000000e3300000,0x00000000e3300000,0x00000000e3680000)
 ParOldGen       total 39936K, used 9437K [0x00000000a4800000, 0x00000000a6f00000, 0x00000000e1800000)
  object space 39936K, 23% used [0x00000000a4800000,0x00000000a51377b8,0x00000000a6f00000)
 Metaspace       used 24405K, capacity 25628K, committed 25856K, reserved 1073152K
  class space    used 2681K, capacity 3045K, committed 3072K, reserved 1048576K
Event: 54,784 GC heap after
Heap after GC invocations=5 (full 1):
 PSYoungGen      total 27648K, used 3563K [0x00000000e1800000, 0x00000000e3680000, 0x0000000100000000)
  eden space 24064K, 0% used [0x00000000e1800000,0x00000000e1800000,0x00000000e2f80000)
  from space 3584K, 99% used [0x00000000e3300000,0x00000000e367aef0,0x00000000e3680000)
  to   space 3584K, 0% used [0x00000000e2f80000,0x00000000e2f80000,0x00000000e3300000)
 ParOldGen       total 39936K, used 10102K [0x00000000a4800000, 0x00000000a6f00000, 0x00000000e1800000)
  object space 39936K, 25% used [0x00000000a4800000,0x00000000a51ddb50,0x00000000a6f00000)
 Metaspace       used 24405K, capacity 25628K, committed 25856K, reserved 1073152K
  class space    used 2681K, capacity 3045K, committed 3072K, reserved 1048576K
}
Event: 598,411 GC heap before
{Heap before GC invocations=6 (full 1):
 PSYoungGen      total 27648K, used 27627K [0x00000000e1800000, 0x00000000e3680000, 0x0000000100000000)
  eden space 24064K, 100% used [0x00000000e1800000,0x00000000e2f80000,0x00000000e2f80000)
  from space 3584K, 99% used [0x00000000e3300000,0x00000000e367aef0,0x00000000e3680000)
  to   space 3584K, 0% used [0x00000000e2f80000,0x00000000e2f80000,0x00000000e3300000)
 ParOldGen       total 39936K, used 10102K [0x00000000a4800000, 0x00000000a6f00000, 0x00000000e1800000)
  object space 39936K, 25% used [0x00000000a4800000,0x00000000a51ddb50,0x00000000a6f00000)
 Metaspace       used 24438K, capacity 25628K, committed 25856K, reserved 1073152K
  class space    used 2681K, capacity 3045K, committed 3072K, reserved 1048576K
Event: 598,413 GC heap after
Heap after GC invocations=6 (full 1):
 PSYoungGen      total 27136K, used 946K [0x00000000e1800000, 0x00000000e4500000, 0x0000000100000000)
  eden space 23552K, 0% used [0x00000000e1800000,0x00000000e1800000,0x00000000e2f00000)
  from space 3584K, 26% used [0x00000000e2f80000,0x00000000e306c9d8,0x00000000e3300000)
  to   space 11264K, 0% used [0x00000000e3a00000,0x00000000e3a00000,0x00000000e4500000)
 ParOldGen       total 39936K, used 10110K [0x00000000a4800000, 0x00000000a6f00000, 0x00000000e1800000)
  object space 39936K, 25% used [0x00000000a4800000,0x00000000a51dfb50,0x00000000a6f00000)
 Metaspace       used 24438K, capacity 25628K, committed 25856K, reserved 1073152K
  class space    used 2681K, capacity 3045K, committed 3072K, reserved 1048576K
}
Event: 1306,856 GC heap before
{Heap before GC invocations=7 (full 1):
 PSYoungGen      total 27136K, used 24498K [0x00000000e1800000, 0x00000000e4500000, 0x0000000100000000)
  eden space 23552K, 100% used [0x00000000e1800000,0x00000000e2f00000,0x00000000e2f00000)
  from space 3584K, 26% used [0x00000000e2f80000,0x00000000e306c9d8,0x00000000e3300000)
  to   space 11264K, 0% used [0x00000000e3a00000,0x00000000e3a00000,0x00000000e4500000)
 ParOldGen       total 39936K, used 10110K [0x00000000a4800000, 0x00000000a6f00000, 0x00000000e1800000)
  object space 39936K, 25% used [0x00000000a4800000,0x00000000a51dfb50,0x00000000a6f00000)
 Metaspace       used 24466K, capacity 25756K, committed 25856K, reserved 1073152K
  class space    used 2681K, capacity 3045K, committed 3072K, reserved 1048576K
Event: 1306,863 GC heap after
Heap after GC invocations=7 (full 1):
 PSYoungGen      total 33792K, used 978K [0x00000000e1800000, 0x00000000e4480000, 0x0000000100000000)
  eden space 23040K, 0% used [0x00000000e1800000,0x00000000e1800000,0x00000000e2e80000)
  from space 10752K, 9% used [0x00000000e3a00000,0x00000000e3af49d8,0x00000000e4480000)
  to   space 11264K, 0% used [0x00000000e2e80000,0x00000000e2e80000,0x00000000e3980000)
 ParOldGen       total 39936K, used 10118K [0x00000000a4800000, 0x00000000a6f00000, 0x00000000e1800000)
  object space 39936K, 25% used [0x00000000a4800000,0x00000000a51e1b50,0x00000000a6f00000)
 Metaspace       used 24466K, capacity 25756K, committed 25856K, reserved 1073152K
  class space    used 2681K, capacity 3045K, committed 3072K, reserved 1048576K
}

